# JRE version: OpenJDK Runtime Environment (21.0.1+12) (build 21.0.1+12-29)
# Java VM: OpenJDK 64-Bit Server VM (21.0.1+12-29, mixed mode, sharing, tiered, compressed oops, compressed class ptrs, g1 gc, bsd-aarch64)
Heap:
 garbage-first heap   total 133120K, used 30399K [0x0000000780000000, 0x0000000800000000)
  region size 1024K, 28 young (28672K), 1 survivors (1024K)
 Metaspace       used 6405K, committed 6656K, reserved 1114112K
  class space    used 693K, committed 832K, reserved 1048576K
GC Heap History (20 events):
Event: 135.616 GC heap before
{Heap before GC invocations=18 (full 0):
 garbage-first heap   total 133120K, used 79542K [0x0000000780000000, 0x0000000800000000)
  region size 1024K, 76 young (77824K), 1 survivors (1024K)
 Metaspace       used 6274K, committed 6464K, reserved 1114112K
  class space    used 672K, committed 768K, reserved 1048576K
}
Event: 135.617 GC heap after
{Heap after GC invocations=19 (full 0):
 garbage-first heap   total 133120K, used 2739K [0x0000000780000000, 0x0000000800000000)
  region size 1024K, 1 young (1024K), 1 survivors (1024K)
 Metaspace       used 6274K, committed 6464K, reserved 1114112K
  class space    used 672K, committed 768K, reserved 1048576K
}
Event: 143.345 GC heap before
{Heap before GC invocations=19 (full 0):
 garbage-first heap   total 133120K, used 79539K [0x0000000780000000, 0x0000000800000000)
  region size 1024K, 76 young (77824K), 1 survivors (1024K)
 Metaspace       used 6274K, committed 6464K, reserved 1114112K
  class space    used 672K, committed 768K, reserved 1048576K
}
Event: 143.346 GC heap after
{Heap after GC invocations=20 (full 0):
 garbage-first heap   total 133120K, used 2739K [0x0000000780000000, 0x0000000800000000)
  region size 1024K, 1 young (1024K), 1 survivors (1024K)
 Metaspace       used 6274K, committed 6464K, reserved 1114112K
  class space    used 672K, committed 768K, reserved 1048576K
}
Event: 151.087 GC heap before
{Heap before GC invocations=20 (full 0):
 garbage-first heap   total 133120K, used 79539K [0x0000000780000000, 0x0000000800000000)
  region size 1024K, 76 young (77824K), 1 survivors (1024K)
 Metaspace       used 6274K, committed 6464K, reserved 1114112K
  class space    used 672K, committed 768K, reserved 1048576K
}
Event: 151.087 GC heap after
{Heap after GC invocations=21 (full 0):
 garbage-first heap   total 133120K, used 2739K [0x0000000780000000, 0x0000000800000000)
  region size 1024K, 1 young (1024K), 1 survivors (1024K)
 Metaspace       used 6274K, committed 6464K, reserved 1114112K
  class space    used 672K, committed 768K, reserved 1048576K
}
Event: 158.861 GC heap before
{Heap before GC invocations=21 (full 0):
 garbage-first heap   total 133120K, used 79539K [0x0000000780000000, 0x0000000800000000)
  region size 1024K, 76 young (77824K), 1 survivors (1024K)
 Metaspace       used 6274K, committed 6464K, reserved 1114112K
  class space    used 672K, committed 768K, reserved 1048576K
}
Event: 158.862 GC heap after
{Heap after GC invocations=22 (full 0):
 garbage-first heap   total 133120K, used 2745K [0x0000000780000000, 0x0000000800000000)
  region size 1024K, 1 young (1024K), 1 survivors (1024K)
 Metaspace       used 6274K, committed 6464K, reserved 1114112K
  class space    used 672K, committed 768K, reserved 1048576K
}
Event: 166.566 GC heap before
{Heap before GC invocations=22 (full 0):
 garbage-first heap   total 133120K, used 79545K [0x0000000780000000, 0x0000000800000000)
  region size 1024K, 76 young (77824K), 1 survivors (1024K)
 Metaspace       used 6274K, committed 6464K, reserved 1114112K
  class space    used 672K, committed 768K, reserved 1048576K
}
Event: 166.566 GC heap after
{Heap after GC invocations=23 (full 0):
 garbage-first heap   total 133120K, used 2745K [0x0000000780000000, 0x0000000800000000)
  region size 1024K, 1 young (1024K), 1 survivors (1024K)
 Metaspace       used 6274K, committed 6464K, reserved 1114112K
  class space    used 672K, committed 768K, reserved 1048576K
}
Event: 174.379 GC heap before
{Heap before GC invocations=23 (full 0):
 garbage-first heap   total 133120K, used 79545K [0x0000000780000000, 0x0000000800000000)
  region size 1024K, 76 young (77824K), 1 survivors (1024K)
 Metaspace       used 6274K, committed 6464K, reserved 1114112K
  class space    used 672K, committed 768K, reserved 1048576K
}
Event: 174.379 GC heap after
{Heap after GC invocations=24 (full 0):
 garbage-first heap   total 133120K, used 2745K [0x0000000780000000, 0x0000000800000000)
  region size 1024K, 1 young (1024K), 1 survivors (1024K)
 Metaspace       used 6274K, committed 6464K, reserved 1114112K
  class space    used 672K, committed 768K, reserved 1048576K
}
Event: 182.169 GC heap before
{Heap before GC invocations=24 (full 0):
 garbage-first heap   total 133120K, used 79545K [0x0000000780000000, 0x0000000800000000)
  region size 1024K, 76 young (77824K), 1 survivors (1024K)
 Metaspace       used 6274K, committed 6464K, reserved 1114112K
  class space    used 672K, committed 768K, reserved 1048576K
}
Event: 182.169 GC heap after
{Heap after GC invocations=25 (full 0):
 garbage-first heap   total 133120K, used 2741K [0x0000000780000000, 0x0000000800000000)
  region size 1024K, 1 young (1024K), 1 survivors (1024K)
 Metaspace       used 6274K, committed 6464K, reserved 1114112K
  class space    used 672K, committed 768K, reserved 1048576K
}
Event: 189.853 GC heap before
{Heap before GC invocations=25 (full 0):
 garbage-first heap   total 133120K, used 79541K [0x0000000780000000, 0x0000000800000000)
  region size 1024K, 76 young (77824K), 1 survivors (1024K)
 Metaspace       used 6274K, committed 6464K, reserved 1114112K
  class space    used 672K, committed 768K, reserved 1048576K
}
Event: 189.853 GC heap after
{Heap after GC invocations=26 (full 0):
 garbage-first heap   total 133120K, used 2751K [0x0000000780000000, 0x0000000800000000)
  region size 1024K, 1 young (1024K), 1 survivors (1024K)
 Metaspace       used 6274K, committed 6464K, reserved 1114112K
  class space    used 672K, committed 768K, reserved 1048576K
}
Event: 197.496 GC heap before
{Heap before GC invocations=26 (full 0):
 garbage-first heap   total 133120K, used 79551K [0x0000000780000000, 0x0000000800000000)
  region size 1024K, 76 young (77824K), 1 survivors (1024K)
 Metaspace       used 6274K, committed 6464K, reserved 1114112K
  class space    used 672K, committed 768K, reserved 1048576K
}
Event: 197.497 GC heap after
{Heap after GC invocations=27 (full 0):
 garbage-first heap   total 133120K, used 2749K [0x0000000780000000, 0x0000000800000000)
  region size 1024K, 1 young (1024K), 1 survivors (1024K)
 Metaspace       used 6274K, committed 6464K, reserved 1114112K
  class space    used 672K, committed 768K, reserved 1048576K
}
Event: 205.230 GC heap before
{Heap before GC invocations=27 (full 0):
 garbage-first heap   total 133120K, used 79549K [0x0000000780000000, 0x0000000800000000)
  region size 1024K, 76 young (77824K), 1 survivors (1024K)
 Metaspace       used 6405K, committed 6656K, reserved 1114112K
  class space    used 693K, committed 832K, reserved 1048576K
}
Event: 205.231 GC heap after
{Heap after GC invocations=28 (full 0):
 garbage-first heap   total 133120K, used 2751K [0x0000000780000000, 0x0000000800000000)
  region size 1024K, 1 young (1024K), 1 survivors (1024K)
 Metaspace       used 6405K, committed 6656K, reserved 1114112K
  class space    used 693K, committed 832K, reserved 1048576K
}

